  Injecter.cpp
D:\Program Files (x86)\Microsoft Visual Studio\VC\Tools\MSVC\14.34.31933\include\filesystem(13): warning STL4038: The contents of <filesystem> are available only with C++17 or later.
C:\Users\Admin\Desktop\pubgm_injector\Injecter\Injecter.cpp(7,22): error C2440: 'initializing': cannot convert from 'const char [1]' to 'TCHAR [260]'
C:\Users\Admin\Desktop\pubgm_injector\Injecter\Injecter.cpp(7,22): message : The type of the string literal is not compatible with the type of the array
C:\Users\Admin\Desktop\pubgm_injector\Injecter\Injecter.cpp(61441,2): error C2664: 'DWORD GetFullPathNameW(LPCWSTR,DWORD,LPWSTR,LPWSTR *)': cannot convert argument 1 from 'LPCSTR' to 'LPCWSTR'
C:\Users\Admin\Desktop\pubgm_injector\Injecter\Injecter.cpp(61441,18): message : Types pointed to are unrelated; conversion requires reinterpret_cast, C-style cast or parenthesized function-style cast
C:\Program Files (x86)\Windows Kits\10\Include\10.0.22000.0\um\fileapi.h(727,1): message : see declaration of 'GetFullPathNameW'
C:\Users\Admin\Desktop\pubgm_injector\Injecter\Injecter.cpp(61441,2): message : while trying to match the argument list '(LPCSTR, int, char *, int)'
C:\Users\Admin\Desktop\pubgm_injector\Injecter\Injecter.cpp(61442,2): error C2664: 'BOOL SetWindowTextW(HWND,LPCWSTR)': cannot convert argument 2 from 'const _Elem *' to 'LPCWSTR'
          with
          [
              _Elem=char
          ]
C:\Users\Admin\Desktop\pubgm_injector\Injecter\Injecter.cpp(61442,45): message : Types pointed to are unrelated; conversion requires reinterpret_cast, C-style cast or parenthesized function-style cast
C:\Program Files (x86)\Windows Kits\10\Include\10.0.22000.0\um\winuser.h(8910,1): message : see declaration of 'SetWindowTextW'
C:\Users\Admin\Desktop\pubgm_injector\Injecter\Injecter.cpp(61442,2): message : while trying to match the argument list '(HWND, const _Elem *)'
          with
          [
              _Elem=char
          ]
C:\Users\Admin\Desktop\pubgm_injector\Injecter\Injecter.cpp(61456,16): error C2664: 'SC_HANDLE CreateServiceW(SC_HANDLE,LPCWSTR,LPCWSTR,DWORD,DWORD,DWORD,DWORD,LPCWSTR,LPCWSTR,LPDWORD,LPCWSTR,LPCWSTR,LPCWSTR)': cannot convert argument 2 from 'LPCSTR' to 'LPCWSTR'
C:\Users\Admin\Desktop\pubgm_injector\Injecter\Injecter.cpp(61457,3): message : Types pointed to are unrelated; conversion requires reinterpret_cast, C-style cast or parenthesized function-style cast
C:\Program Files (x86)\Windows Kits\10\Include\10.0.22000.0\um\winsvc.h(1121,1): message : see declaration of 'CreateServiceW'
C:\Users\Admin\Desktop\pubgm_injector\Injecter\Injecter.cpp(61456,16): message : while trying to match the argument list '(SC_HANDLE, LPCSTR, LPCSTR, long, int, int, int, const _Elem *, int, int, int, int, int)'
          with
          [
              _Elem=char
          ]
C:\Users\Admin\Desktop\pubgm_injector\Injecter\Injecter.cpp(61485,17): error C2664: 'SC_HANDLE OpenServiceW(SC_HANDLE,LPCWSTR,DWORD)': cannot convert argument 2 from 'LPCSTR' to 'LPCWSTR'
C:\Users\Admin\Desktop\pubgm_injector\Injecter\Injecter.cpp(61485,42): message : Types pointed to are unrelated; conversion requires reinterpret_cast, C-style cast or parenthesized function-style cast
C:\Program Files (x86)\Windows Kits\10\Include\10.0.22000.0\um\winsvc.h(1388,1): message : see declaration of 'OpenServiceW'
C:\Users\Admin\Desktop\pubgm_injector\Injecter\Injecter.cpp(61485,17): message : while trying to match the argument list '(SC_HANDLE, LPCSTR, long)'
C:\Users\Admin\Desktop\pubgm_injector\Injecter\Injecter.cpp(61547,16): error C2664: 'SC_HANDLE OpenServiceW(SC_HANDLE,LPCWSTR,DWORD)': cannot convert argument 2 from 'LPCSTR' to 'LPCWSTR'
C:\Users\Admin\Desktop\pubgm_injector\Injecter\Injecter.cpp(61547,41): message : Types pointed to are unrelated; conversion requires reinterpret_cast, C-style cast or parenthesized function-style cast
C:\Program Files (x86)\Windows Kits\10\Include\10.0.22000.0\um\winsvc.h(1388,1): message : see declaration of 'OpenServiceW'
C:\Users\Admin\Desktop\pubgm_injector\Injecter\Injecter.cpp(61547,16): message : while trying to match the argument list '(SC_HANDLE, LPCSTR, long)'
C:\Users\Admin\Desktop\pubgm_injector\Injecter\Injecter.cpp(61584,16): warning C4018: '<': signed/unsigned mismatch
C:\Users\Admin\Desktop\pubgm_injector\Injecter\Injecter.cpp(61642,24): warning C4018: '>=': signed/unsigned mismatch
C:\Users\Admin\Desktop\pubgm_injector\Injecter\Injecter.cpp(61674,18): warning C4244: 'initializing': conversion from 'DWORD_PTR' to 'DWORD', possible loss of data
C:\Users\Admin\Desktop\pubgm_injector\Injecter\Injecter.cpp(61676,52): warning C4312: 'type cast': conversion from 'DWORD' to 'LPCVOID' of greater size
C:\Users\Admin\Desktop\pubgm_injector\Injecter\Injecter.cpp(61687,38): warning C4311: 'type cast': pointer truncation from 'PVOID' to 'DWORD'
C:\Users\Admin\Desktop\pubgm_injector\Injecter\Injecter.cpp(61687,38): warning C4302: 'type cast': truncation from 'PVOID' to 'DWORD'
C:\Users\Admin\Desktop\pubgm_injector\Injecter\Injecter.cpp(61687,38): warning C4244: '=': conversion from 'SIZE_T' to 'DWORD', possible loss of data
C:\Users\Admin\Desktop\pubgm_injector\Injecter\Injecter.cpp(61716,43): warning C4244: 'argument': conversion from 'DWORD_PTR' to 'int', possible loss of data
C:\Users\Admin\Desktop\pubgm_injector\Injecter\Injecter.cpp(61722,82): warning C4244: 'argument': conversion from 'DWORD_PTR' to 'int', possible loss of data
C:\Users\Admin\Desktop\pubgm_injector\Injecter\Injecter.cpp(61728,48): warning C4244: 'argument': conversion from 'DWORD_PTR' to 'int', possible loss of data
C:\Users\Admin\Desktop\pubgm_injector\Injecter\Injecter.cpp(61735,82): warning C4244: 'argument': conversion from 'DWORD_PTR' to 'int', possible loss of data
C:\Users\Admin\Desktop\pubgm_injector\Injecter\Injecter.cpp(61791,10): error C2664: 'int _stricmp(const char *,const char *)': cannot convert argument 1 from 'WCHAR [260]' to 'const char *'
C:\Users\Admin\Desktop\pubgm_injector\Injecter\Injecter.cpp(61791,33): message : Types pointed to are unrelated; conversion requires reinterpret_cast, C-style cast or parenthesized function-style cast
C:\Program Files (x86)\Windows Kits\10\Include\10.0.22000.0\ucrt\string.h(189,22): message : see declaration of '_stricmp'
C:\Users\Admin\Desktop\pubgm_injector\Injecter\Injecter.cpp(61791,10): message : while trying to match the argument list '(WCHAR [260], PCHAR)'
C:\Users\Admin\Desktop\pubgm_injector\Injecter\Injecter.cpp(61791,87): warning C4018: '>': signed/unsigned mismatch
C:\Users\Admin\Desktop\pubgm_injector\Injecter\Injecter.cpp(61850,2): error C2664: 'HRESULT StringCchCatW(STRSAFE_LPWSTR,size_t,STRSAFE_LPCWSTR)': cannot convert argument 3 from 'const char [11]' to 'STRSAFE_LPCWSTR'
C:\Users\Admin\Desktop\pubgm_injector\Injecter\Injecter.cpp(61850,33): message : Types pointed to are unrelated; conversion requires reinterpret_cast, C-style cast or parenthesized function-style cast
C:\Program Files (x86)\Windows Kits\10\Include\10.0.22000.0\shared\strsafe.h(2615,5): message : see declaration of 'StringCchCatW'
C:\Users\Admin\Desktop\pubgm_injector\Injecter\Injecter.cpp(61850,2): message : while trying to match the argument list '(TCHAR [260], int, const char [11])'
C:\Users\Admin\Desktop\pubgm_injector\Injecter\Injecter.cpp(61851,2): error C2664: 'HRESULT StringCchCatW(STRSAFE_LPWSTR,size_t,STRSAFE_LPCWSTR)': cannot convert argument 3 from 'const char [8]' to 'STRSAFE_LPCWSTR'
C:\Users\Admin\Desktop\pubgm_injector\Injecter\Injecter.cpp(61851,33): message : Types pointed to are unrelated; conversion requires reinterpret_cast, C-style cast or parenthesized function-style cast
C:\Program Files (x86)\Windows Kits\10\Include\10.0.22000.0\shared\strsafe.h(2615,5): message : see declaration of 'StringCchCatW'
C:\Users\Admin\Desktop\pubgm_injector\Injecter\Injecter.cpp(61851,2): message : while trying to match the argument list '(TCHAR [260], int, const char [8])'
C:\Users\Admin\Desktop\pubgm_injector\Injecter\Injecter.cpp(61852,2): error C2664: 'HRESULT StringCchCatW(STRSAFE_LPWSTR,size_t,STRSAFE_LPCWSTR)': cannot convert argument 3 from 'const char [20]' to 'STRSAFE_LPCWSTR'
C:\Users\Admin\Desktop\pubgm_injector\Injecter\Injecter.cpp(61852,33): message : Types pointed to are unrelated; conversion requires reinterpret_cast, C-style cast or parenthesized function-style cast
C:\Program Files (x86)\Windows Kits\10\Include\10.0.22000.0\shared\strsafe.h(2615,5): message : see declaration of 'StringCchCatW'
C:\Users\Admin\Desktop\pubgm_injector\Injecter\Injecter.cpp(61852,2): message : while trying to match the argument list '(TCHAR [260], int, const char [20])'
C:\Users\Admin\Desktop\pubgm_injector\Injecter\Injecter.cpp(61853,2): error C2664: 'HRESULT StringCchCatW(STRSAFE_LPWSTR,size_t,STRSAFE_LPCWSTR)': cannot convert argument 3 from 'const _Elem *' to 'STRSAFE_LPCWSTR'
          with
          [
              _Elem=char
          ]
C:\Users\Admin\Desktop\pubgm_injector\Injecter\Injecter.cpp(61853,42): message : Types pointed to are unrelated; conversion requires reinterpret_cast, C-style cast or parenthesized function-style cast
C:\Program Files (x86)\Windows Kits\10\Include\10.0.22000.0\shared\strsafe.h(2615,5): message : see declaration of 'StringCchCatW'
C:\Users\Admin\Desktop\pubgm_injector\Injecter\Injecter.cpp(61853,2): message : while trying to match the argument list '(TCHAR [260], int, const _Elem *)'
          with
          [
              _Elem=char
          ]
C:\Users\Admin\Desktop\pubgm_injector\Injecter\Injecter.cpp(61876,6): error C2664: 'BOOL CreateProcessW(LPCWSTR,LPWSTR,LPSECURITY_ATTRIBUTES,LPSECURITY_ATTRIBUTES,BOOL,DWORD,LPVOID,LPCWSTR,LPSTARTUPINFOW,LPPROCESS_INFORMATION)': cannot convert argument 1 from 'const char [26]' to 'LPCWSTR'
C:\Users\Admin\Desktop\pubgm_injector\Injecter\Injecter.cpp(61876,20): message : Types pointed to are unrelated; conversion requires reinterpret_cast, C-style cast or parenthesized function-style cast
C:\Program Files (x86)\Windows Kits\10\Include\10.0.22000.0\um\processthreadsapi.h(372,1): message : see declaration of 'CreateProcessW'
C:\Users\Admin\Desktop\pubgm_injector\Injecter\Injecter.cpp(61876,6): message : while trying to match the argument list '(const char [26], TCHAR [260], int, int, int, int, int, int, STARTUPINFO *, PROCESS_INFORMATION *)'
C:\Users\Admin\Desktop\pubgm_injector\Injecter\Injecter.cpp(61929,8): error C2664: 'int strcmp(const char *,const char *)': cannot convert argument 1 from 'WCHAR [256]' to 'const char *'
C:\Users\Admin\Desktop\pubgm_injector\Injecter\Injecter.cpp(61929,23): message : Types pointed to are unrelated; conversion requires reinterpret_cast, C-style cast or parenthesized function-style cast
C:\Program Files (x86)\Windows Kits\10\Include\10.0.22000.0\ucrt\string.h(100,13): message : see declaration of 'strcmp'
C:\Users\Admin\Desktop\pubgm_injector\Injecter\Injecter.cpp(61929,8): message : while trying to match the argument list '(WCHAR [256], const char [10])'
C:\Users\Admin\Desktop\pubgm_injector\Injecter\Injecter.cpp(62048,15): warning C4244: 'initializing': conversion from 'std::streamoff' to 'long', possible loss of data
C:\Users\Admin\Desktop\pubgm_injector\Injecter\Injecter.cpp(62078,40): warning C4267: 'initializing': conversion from 'size_t' to 'int', possible loss of data
C:\Users\Admin\Desktop\pubgm_injector\Injecter\Injecter.cpp(62088,24): warning C4267: '=': conversion from 'size_t' to 'int', possible loss of data
C:\Users\Admin\Desktop\pubgm_injector\Injecter\Injecter.cpp(62115,8): error C2665: 'strstr': no overloaded function could convert all the argument types
C:\Program Files (x86)\Windows Kits\10\Include\10.0.22000.0\ucrt\string.h(518,28): message : could be 'char *strstr(char *const ,const char *const )'
C:\Users\Admin\Desktop\pubgm_injector\Injecter\Injecter.cpp(62115,8): message : 'char *strstr(char *const ,const char *const )': cannot convert argument 1 from 'WCHAR [256]' to 'char *const '
C:\Users\Admin\Desktop\pubgm_injector\Injecter\Injecter.cpp(62115,23): message : Types pointed to are unrelated; conversion requires reinterpret_cast, C-style cast or parenthesized function-style cast
D:\Program Files (x86)\Microsoft Visual Studio\VC\Tools\MSVC\14.34.31933\include\vcruntime_string.h(82,38): message : or       'const char *strstr(const char *,const char *)'
C:\Users\Admin\Desktop\pubgm_injector\Injecter\Injecter.cpp(62115,8): message : 'const char *strstr(const char *,const char *)': cannot convert argument 1 from 'WCHAR [256]' to 'const char *'
C:\Users\Admin\Desktop\pubgm_injector\Injecter\Injecter.cpp(62115,23): message : Types pointed to are unrelated; conversion requires reinterpret_cast, C-style cast or parenthesized function-style cast
C:\Users\Admin\Desktop\pubgm_injector\Injecter\Injecter.cpp(62115,8): message : while trying to match the argument list '(WCHAR [256], const char [9])'
C:\Users\Admin\Desktop\pubgm_injector\Injecter\Injecter.cpp(62132,21): error C2664: 'HINTERNET InternetOpenW(LPCWSTR,DWORD,LPCWSTR,LPCWSTR,DWORD)': cannot convert argument 1 from 'const char [4]' to 'LPCWSTR'
C:\Users\Admin\Desktop\pubgm_injector\Injecter\Injecter.cpp(62132,34): message : Types pointed to are unrelated; conversion requires reinterpret_cast, C-style cast or parenthesized function-style cast
C:\Program Files (x86)\Windows Kits\10\Include\10.0.22000.0\um\wininet.h(868,25): message : see declaration of 'InternetOpenW'
C:\Users\Admin\Desktop\pubgm_injector\Injecter\Injecter.cpp(62132,21): message : while trying to match the argument list '(const char [4], int, int, int, int)'
C:\Users\Admin\Desktop\pubgm_injector\Injecter\Injecter.cpp(62134,9): error C2664: 'HINTERNET InternetOpenUrlW(HINTERNET,LPCWSTR,LPCWSTR,DWORD,DWORD,DWORD_PTR)': cannot convert argument 2 from 'const _Elem *' to 'LPCWSTR'
          with
          [
              _Elem=char
          ]
C:\Users\Admin\Desktop\pubgm_injector\Injecter\Injecter.cpp(62134,52): message : Types pointed to are unrelated; conversion requires reinterpret_cast, C-style cast or parenthesized function-style cast
C:\Program Files (x86)\Windows Kits\10\Include\10.0.22000.0\um\wininet.h(947,25): message : see declaration of 'InternetOpenUrlW'
C:\Users\Admin\Desktop\pubgm_injector\Injecter\Injecter.cpp(62134,9): message : while trying to match the argument list '(HINTERNET, const _Elem *, int, int, int, int)'
          with
          [
              _Elem=char
          ]
C:\Users\Admin\Desktop\pubgm_injector\Injecter\Injecter.cpp(62137,17): error C2664: 'HANDLE CreateFileW(LPCWSTR,DWORD,DWORD,LPSECURITY_ATTRIBUTES,DWORD,DWORD,HANDLE)': cannot convert argument 1 from 'const _Elem *' to 'LPCWSTR'
          with
          [
              _Elem=char
          ]
C:\Users\Admin\Desktop\pubgm_injector\Injecter\Injecter.cpp(62137,42): message : Types pointed to are unrelated; conversion requires reinterpret_cast, C-style cast or parenthesized function-style cast
C:\Program Files (x86)\Windows Kits\10\Include\10.0.22000.0\um\fileapi.h(92,1): message : see declaration of 'CreateFileW'
C:\Users\Admin\Desktop\pubgm_injector\Injecter\Injecter.cpp(62137,17): message : while trying to match the argument list '(const _Elem *, long, int, int, int, int, int)'
          with
          [
              _Elem=char
          ]
C:\Users\Admin\Desktop\pubgm_injector\Injecter\Injecter.cpp(62270,2): error C2664: 'BOOL SetConsoleTitleW(LPCWSTR)': cannot convert argument 1 from 'const char [15]' to 'LPCWSTR'
C:\Users\Admin\Desktop\pubgm_injector\Injecter\Injecter.cpp(62270,18): message : Types pointed to are unrelated; conversion requires reinterpret_cast, C-style cast or parenthesized function-style cast
C:\Program Files (x86)\Windows Kits\10\Include\10.0.22000.0\um\consoleapi2.h(481,1): message : see declaration of 'SetConsoleTitleW'
C:\Users\Admin\Desktop\pubgm_injector\Injecter\Injecter.cpp(62270,2): message : while trying to match the argument list '(const char [15])'
C:\Users\Admin\Desktop\pubgm_injector\Injecter\Injecter.cpp(62377,75): warning C4311: 'type cast': pointer truncation from 'HANDLE' to 'DWORD'
C:\Users\Admin\Desktop\pubgm_injector\Injecter\Injecter.cpp(62377,75): warning C4302: 'type cast': truncation from 'HANDLE' to 'DWORD'
C:\Users\Admin\Desktop\pubgm_injector\Injecter\Injecter.cpp(62377,95): warning C4311: 'type cast': pointer truncation from 'HANDLE' to 'DWORD'
C:\Users\Admin\Desktop\pubgm_injector\Injecter\Injecter.cpp(62377,95): warning C4302: 'type cast': truncation from 'HANDLE' to 'DWORD'
C:\Users\Admin\Desktop\pubgm_injector\Injecter\Injecter.cpp(62380,78): warning C4311: 'type cast': pointer truncation from 'HANDLE' to 'DWORD'
C:\Users\Admin\Desktop\pubgm_injector\Injecter\Injecter.cpp(62380,78): warning C4302: 'type cast': truncation from 'HANDLE' to 'DWORD'
C:\Users\Admin\Desktop\pubgm_injector\Injecter\Injecter.cpp(62380,98): warning C4311: 'type cast': pointer truncation from 'HANDLE' to 'DWORD'
C:\Users\Admin\Desktop\pubgm_injector\Injecter\Injecter.cpp(62380,98): warning C4302: 'type cast': truncation from 'HANDLE' to 'DWORD'
C:\Users\Admin\Desktop\pubgm_injector\Injecter\Injecter.cpp(62390,60): warning C4311: 'type cast': pointer truncation from 'HANDLE' to 'DWORD'
C:\Users\Admin\Desktop\pubgm_injector\Injecter\Injecter.cpp(62390,60): warning C4302: 'type cast': truncation from 'HANDLE' to 'DWORD'
C:\Users\Admin\Desktop\pubgm_injector\Injecter\Injecter.cpp(62390,90): warning C4244: 'argument': conversion from '_Ty' to 'T', possible loss of data
          with
          [
              _Ty=DWORD_PTR
          ]
          and
          [
              T=DWORD
          ]
C:\Users\Admin\Desktop\pubgm_injector\Injecter\Injecter.cpp(62391,60): warning C4311: 'type cast': pointer truncation from 'HANDLE' to 'DWORD'
C:\Users\Admin\Desktop\pubgm_injector\Injecter\Injecter.cpp(62391,60): warning C4302: 'type cast': truncation from 'HANDLE' to 'DWORD'
C:\Users\Admin\Desktop\pubgm_injector\Injecter\Injecter.cpp(62391,85): warning C4244: 'argument': conversion from '_Ty' to 'T', possible loss of data
          with
          [
              _Ty=DWORD_PTR
          ]
          and
          [
              T=DWORD
          ]
  md5.cpp
  pch.cpp
D:\Program Files (x86)\Microsoft Visual Studio\VC\Tools\MSVC\14.34.31933\include\filesystem(13): warning STL4038: The contents of <filesystem> are available only with C++17 or later.
  Generating Code...
